TN:
SF:config.js
FN:13,getDatabaseUri
FNF:1
FNH:1
FNDA:6,getDatabaseUri
DA:5,3
DA:6,3
DA:8,3
DA:10,3
DA:14,6
DA:22,3
DA:24,3
DA:25,3
DA:26,3
DA:27,3
DA:28,3
DA:29,3
DA:31,3
LF:13
LH:13
BRDA:8,0,0,3
BRDA:8,0,1,2
BRDA:10,1,0,3
BRDA:10,1,1,2
BRDA:14,2,0,3
BRDA:14,2,1,3
BRDA:16,3,0,3
BRDA:16,3,1,1
BRDA:22,4,0,2
BRDA:22,4,1,1
BRF:10
BRH:10
end_of_record
TN:
SF:expressError.js
FN:8,(anonymous_0)
FN:18,(anonymous_1)
FN:26,(anonymous_2)
FN:34,(anonymous_3)
FN:42,(anonymous_4)
FNF:5
FNH:2
FNDA:1,(anonymous_0)
FNDA:0,(anonymous_1)
FNDA:1,(anonymous_2)
FNDA:0,(anonymous_3)
FNDA:0,(anonymous_4)
DA:9,1
DA:10,1
DA:11,1
DA:19,0
DA:27,1
DA:35,0
DA:43,0
DA:47,1
LF:8
LH:5
BRDA:18,0,0,0
BRDA:26,1,0,1
BRDA:34,2,0,0
BRDA:42,3,0,0
BRF:4
BRH:1
end_of_record
TN:
SF:helpers/tokens.js
FN:6,createToken
FNF:1
FNH:1
FNDA:3,createToken
DA:1,1
DA:2,1
DA:7,3
DA:10,3
DA:15,3
DA:18,1
LF:6
LH:6
BRDA:12,0,0,3
BRDA:12,0,1,2
BRF:2
BRH:2
end_of_record
TN:
SF:middleware/auth.js
FN:18,authenticateJWT
FN:36,ensureLoggedIn
FNF:2
FNH:2
FNDA:3,authenticateJWT
FNDA:2,ensureLoggedIn
DA:5,1
DA:6,1
DA:7,1
DA:19,3
DA:20,3
DA:21,3
DA:22,2
DA:23,2
DA:25,2
DA:27,1
DA:37,2
DA:38,2
DA:39,1
DA:41,1
DA:46,1
LF:15
LH:15
BRDA:20,0,0,3
BRDA:20,0,1,2
BRDA:21,1,0,2
BRDA:21,1,1,1
BRDA:38,2,0,1
BRDA:38,2,1,1
BRF:6
BRH:6
end_of_record
